This file contains any messages produced by compilers while
running configure, to aid debugging if configure makes a mistake.

It was created by configure, which was
generated by GNU Autoconf 2.69.  Invocation command line was

  $ ./configure 

## --------- ##
## Platform. ##
## --------- ##

hostname = mac.local
uname -m = x86_64
uname -r = 14.0.0
uname -s = Darwin
uname -v = Darwin Kernel Version 14.0.0: Fri Sep 19 00:26:44 PDT 2014; root:xnu-2782.1.97~2/RELEASE_X86_64

/usr/bin/uname -p = i386
/bin/uname -X     = unknown

/bin/arch              = unknown
/usr/bin/arch -k       = unknown
/usr/convex/getsysinfo = unknown
/usr/bin/hostinfo      = Mach kernel version:
	 Darwin Kernel Version 14.0.0: Fri Sep 19 00:26:44 PDT 2014; root:xnu-2782.1.97~2/RELEASE_X86_64
Kernel configured for up to 4 processors.
2 processors are physically available.
4 processors are logically available.
Processor type: x86_64h (Intel x86-64h Haswell)
Processors active: 0 1 2 3
Primary memory available: 4.00 gigabytes
Default processor set: 213 tasks, 948 threads, 4 processors
Load average: 3.48, Mach factor: 1.34
/bin/machine           = unknown
/usr/bin/oslevel       = unknown
/bin/universe          = unknown

PATH: /usr/local/bin
PATH: /usr/bin
PATH: /bin
PATH: /usr/sbin
PATH: /sbin


## ----------- ##
## Core tests. ##
## ----------- ##

configure:1827: checking for a BSD-compatible install
configure:1895: result: /usr/bin/install -c
configure:1906: checking whether build environment is sane
configure:1961: result: yes
configure:2112: checking for a thread-safe mkdir -p
configure:2151: result: ./install-sh -c -d
configure:2158: checking for gawk
configure:2188: result: no
configure:2158: checking for mawk
configure:2188: result: no
configure:2158: checking for nawk
configure:2188: result: no
configure:2158: checking for awk
configure:2174: found /usr/bin/awk
configure:2185: result: awk
configure:2196: checking whether make sets $(MAKE)
configure:2218: result: yes
configure:2247: checking whether make supports nested variables
configure:2264: result: yes
configure:2441: checking for gcc
configure:2457: found /usr/bin/gcc
configure:2468: result: gcc
configure:2697: checking for C compiler version
configure:2706: gcc --version >&5
gcc (Homebrew gcc49 4.9.3) 4.9.3
Copyright (C) 2015 Free Software Foundation, Inc.
This is free software; see the source for copying conditions.  There is NO
warranty; not even for MERCHANTABILITY or FITNESS FOR A PARTICULAR PURPOSE.

configure:2717: $? = 0
configure:2706: gcc -v >&5
Using built-in specs.
COLLECT_GCC=gcc
COLLECT_LTO_WRAPPER=/usr/local/Cellar/gcc49/4.9.3/libexec/gcc/x86_64-apple-darwin14.0.0/4.9.3/lto-wrapper
Target: x86_64-apple-darwin14.0.0
Configured with: ../configure --build=x86_64-apple-darwin14.0.0 --prefix=/usr/local/Cellar/gcc49/4.9.3 --libdir=/usr/local/Cellar/gcc49/4.9.3/lib/gcc/4.9 --enable-languages=c,c++,objc,obj-c++ --program-suffix=-4.9 --with-gmp=/usr/local/opt/gmp4 --with-mpfr=/usr/local/opt/mpfr2 --with-mpc=/usr/local/opt/libmpc08 --with-cloog=/usr/local/opt/cloog018 --with-isl=/usr/local/opt/isl011 --with-system-zlib --enable-libstdcxx-time=yes --enable-stage1-checking --enable-checking=release --enable-lto --with-build-config=bootstrap-debug --disable-werror --with-pkgversion='Homebrew gcc49 4.9.3' --with-bugurl=https://github.com/Homebrew/homebrew-versions/issues --enable-plugin --disable-nls --enable-multilib
Thread model: posix
gcc version 4.9.3 (Homebrew gcc49 4.9.3) 
configure:2717: $? = 0
configure:2706: gcc -V >&5
gcc: error: unrecognized command line option '-V'
gcc: fatal error: no input files
compilation terminated.
configure:2717: $? = 1
configure:2706: gcc -qversion >&5
gcc: error: unrecognized command line option '-qversion'
gcc: fatal error: no input files
compilation terminated.
configure:2717: $? = 1
configure:2737: checking whether the C compiler works
configure:2759: gcc    conftest.c  >&5
configure:2763: $? = 0
configure:2811: result: yes
configure:2814: checking for C compiler default output file name
configure:2816: result: a.out
configure:2822: checking for suffix of executables
configure:2829: gcc -o conftest    conftest.c  >&5
configure:2833: $? = 0
configure:2855: result: 
configure:2877: checking whether we are cross compiling
configure:2885: gcc -o conftest    conftest.c  >&5
configure:2889: $? = 0
configure:2896: ./conftest
configure:2900: $? = 0
configure:2915: result: no
configure:2920: checking for suffix of object files
configure:2942: gcc -c   conftest.c >&5
configure:2946: $? = 0
configure:2967: result: o
configure:2971: checking whether we are using the GNU C compiler
configure:2990: gcc -c   conftest.c >&5
configure:2990: $? = 0
configure:2999: result: yes
configure:3008: checking whether gcc accepts -g
configure:3028: gcc -c -g  conftest.c >&5
configure:3028: $? = 0
configure:3069: result: yes
configure:3086: checking for gcc option to accept ISO C89
configure:3149: gcc  -c -g -O2  conftest.c >&5
configure:3149: $? = 0
configure:3162: result: none needed
configure:3187: checking whether gcc understands -c and -o together
configure:3209: gcc -c conftest.c -o conftest2.o
configure:3212: $? = 0
configure:3209: gcc -c conftest.c -o conftest2.o
configure:3212: $? = 0
configure:3224: result: yes
configure:3252: checking for style of include used by make
configure:3280: result: GNU
configure:3306: checking dependency style of gcc
configure:3417: result: gcc3
configure:3587: checking that generated files are newer than configure
configure:3593: result: done
configure:3616: creating ./config.status

## ---------------------- ##
## Running config.status. ##
## ---------------------- ##

This file was extended by config.status, which was
generated by GNU Autoconf 2.69.  Invocation command line was

  CONFIG_FILES    = 
  CONFIG_HEADERS  = 
  CONFIG_LINKS    = 
  CONFIG_COMMANDS = 
  $ ./config.status 

on mac.local

config.status:772: creating Makefile
config.status:944: executing depfiles commands

## ---------------- ##
## Cache variables. ##
## ---------------- ##

ac_cv_c_compiler_gnu=yes
ac_cv_env_CC_set=
ac_cv_env_CC_value=
ac_cv_env_CFLAGS_set=
ac_cv_env_CFLAGS_value=
ac_cv_env_CPPFLAGS_set=
ac_cv_env_CPPFLAGS_value=
ac_cv_env_LDFLAGS_set=
ac_cv_env_LDFLAGS_value=
ac_cv_env_LIBS_set=
ac_cv_env_LIBS_value=
ac_cv_env_build_alias_set=
ac_cv_env_build_alias_value=
ac_cv_env_host_alias_set=
ac_cv_env_host_alias_value=
ac_cv_env_target_alias_set=
ac_cv_env_target_alias_value=
ac_cv_objext=o
ac_cv_path_install='/usr/bin/install -c'
ac_cv_prog_AWK=awk
ac_cv_prog_ac_ct_CC=gcc
ac_cv_prog_cc_c89=
ac_cv_prog_cc_g=yes
ac_cv_prog_make_make_set=yes
am_cv_CC_dependencies_compiler_type=gcc3
am_cv_make_support_nested_variables=yes
am_cv_prog_cc_c_o=yes

## ----------------- ##
## Output variables. ##
## ----------------- ##

ACLOCAL='${SHELL} /Users/lion/wwwroot/C/missing aclocal-1.15'
AMDEPBACKSLASH='\'
AMDEP_FALSE='#'
AMDEP_TRUE=''
AMTAR='$${TAR-tar}'
AM_BACKSLASH='\'
AM_DEFAULT_V='$(AM_DEFAULT_VERBOSITY)'
AM_DEFAULT_VERBOSITY='1'
AM_V='$(V)'
AUTOCONF='${SHELL} /Users/lion/wwwroot/C/missing autoconf'
AUTOHEADER='${SHELL} /Users/lion/wwwroot/C/missing autoheader'
AUTOMAKE='${SHELL} /Users/lion/wwwroot/C/missing automake-1.15'
AWK='awk'
CC='gcc'
CCDEPMODE='depmode=gcc3'
CFLAGS='-g -O2'
CPPFLAGS=''
CYGPATH_W='echo'
DEFS='-DPACKAGE_NAME=\"\" -DPACKAGE_TARNAME=\"\" -DPACKAGE_VERSION=\"\" -DPACKAGE_STRING=\"\" -DPACKAGE_BUGREPORT=\"\" -DPACKAGE_URL=\"\" -DPACKAGE=\"hello\" -DVERSION=\"1.0\"'
DEPDIR='.deps'
ECHO_C='\c'
ECHO_N=''
ECHO_T=''
EXEEXT=''
INSTALL_DATA='${INSTALL} -m 644'
INSTALL_PROGRAM='${INSTALL}'
INSTALL_SCRIPT='${INSTALL}'
INSTALL_STRIP_PROGRAM='$(install_sh) -c -s'
LDFLAGS=''
LIBOBJS=''
LIBS=''
LTLIBOBJS=''
MAKEINFO='${SHELL} /Users/lion/wwwroot/C/missing makeinfo'
MKDIR_P='./install-sh -c -d'
OBJEXT='o'
PACKAGE='hello'
PACKAGE_BUGREPORT=''
PACKAGE_NAME=''
PACKAGE_STRING=''
PACKAGE_TARNAME=''
PACKAGE_URL=''
PACKAGE_VERSION=''
PATH_SEPARATOR=':'
SET_MAKE=''
SHELL='/bin/sh'
STRIP=''
VERSION='1.0'
ac_ct_CC='gcc'
am__EXEEXT_FALSE=''
am__EXEEXT_TRUE='#'
am__fastdepCC_FALSE='#'
am__fastdepCC_TRUE=''
am__include='include'
am__isrc=''
am__leading_dot='.'
am__nodep='_no'
am__quote=''
am__tar='$${TAR-tar} chof - "$$tardir"'
am__untar='$${TAR-tar} xf -'
bindir='${exec_prefix}/bin'
build_alias=''
datadir='${datarootdir}'
datarootdir='${prefix}/share'
docdir='${datarootdir}/doc/${PACKAGE}'
dvidir='${docdir}'
exec_prefix='${prefix}'
host_alias=''
htmldir='${docdir}'
includedir='${prefix}/include'
infodir='${datarootdir}/info'
install_sh='${SHELL} /Users/lion/wwwroot/C/install-sh'
libdir='${exec_prefix}/lib'
libexecdir='${exec_prefix}/libexec'
localedir='${datarootdir}/locale'
localstatedir='${prefix}/var'
mandir='${datarootdir}/man'
mkdir_p='$(MKDIR_P)'
oldincludedir='/usr/include'
pdfdir='${docdir}'
prefix='/usr/local'
program_transform_name='s,x,x,'
psdir='${docdir}'
sbindir='${exec_prefix}/sbin'
sharedstatedir='${prefix}/com'
sysconfdir='${prefix}/etc'
target_alias=''

## ----------- ##
## confdefs.h. ##
## ----------- ##

/* confdefs.h */
#define PACKAGE_NAME ""
#define PACKAGE_TARNAME ""
#define PACKAGE_VERSION ""
#define PACKAGE_STRING ""
#define PACKAGE_BUGREPORT ""
#define PACKAGE_URL ""
#define PACKAGE "hello"
#define VERSION "1.0"

configure: exit 0
